Arguments: 
  C:\Program Files\nodejs\node.exe C:\Program Files (x86)\Yarn\bin\yarn.js version

PATH: 
  G:\Project\TheEpicAdventure\node_modules\.bin;C:\Program Files (x86)\Common Files\Intel\Shared Libraries\redist\intel64_win\compiler;C:\Program Files (x86)\Common Files\Oracle\Java\javapath;C:\Program Files\NVIDIA GPU Computing Toolkit\CUDA\v9.0\bin;C:\Program Files\NVIDIA GPU Computing Toolkit\CUDA\v9.0\libnvvp;C:\Program Files (x86)\Common Files\Intel\Shared Libraries\redist\intel64\compiler;C:\ProgramData\Oracle\Java\javapath;C:\Program Files (x86)\Intel\iCLS Client\;C:\Program Files\Intel\iCLS Client\;C:\Windows\system32;C:\Windows;C:\Windows\System32\Wbem;C:\Windows\System32\WindowsPowerShell\v1.0\;D:\wamp\bin\php\php5.5.12\;C:\Program Files (x86)\NVIDIA Corporation\PhysX\Common;C:\WINDOWS\system32;C:\WINDOWS;C:\WINDOWS\System32\Wbem;C:\WINDOWS\System32\WindowsPowerShell\v1.0\;D:\HashiCorp\Vagrant\binC:\Program Files (x86)\Skype\Phone\;C:\Program Files (x86)\Windows Live\Shared;C:\Program Files (x86)\Skype\Phone\;C:\Program Files\PuTTY\;C:\ProgramData\ComposerSetup\bin;C:\Program Files (x86)\Intel\Intel(R) Management Engine Components\DAL;C:\Program Files\Intel\Intel(R) Management Engine Components\DAL;C:\Program Files (x86)\Intel\Intel(R) Management Engine Components\IPT;C:\Program Files\Intel\Intel(R) Management Engine Components\IPT;D:\Program Files (x86)\Brackets\command;C:\WINDOWS\System32\OpenSSH\;G:\wamp64\bin\php\php7.4.0;C:\Program Files\Common Files\Autodesk Shared\;C:\Program Files\Git\cmd;C:\Program Files (x86)\Yarn\bin\;C:\Program Files\NVIDIA Corporation\NVIDIA NvDLISR;C:\Program Files\WorldPainter;C:\Program Files\WorldPainter [SNAPSHOT];C:\WINDOWS\system32;C:\WINDOWS;C:\WINDOWS\System32\Wbem;C:\WINDOWS\System32\WindowsPowerShell\v1.0\;C:\WINDOWS\System32\OpenSSH\;C:\Program Files (x86)\QuickTime\QTSystem\;C:\Program Files\Intel\WiFi\bin\;C:\Program Files\Common Files\Intel\WirelessCommon\;C:\Program Files\nodejs\;C:\Program Files\Symfony;C:\Users\Maxime\.windows-build-tools\python27\;C:\Users\Maxime\.windows-build-tools\python27\;C:\Users\Maxime\AppData\Local\Programs\Python\Python37\Scripts\;C:\Users\Maxime\AppData\Local\Programs\Python\Python37\;C:\Users\Maxime\AppData\Local\Microsoft\WindowsApps;C:\Users\Maxime\AppData\Local\atom\bin;C:\Users\Maxime\AppData\Roaming\Composer\vendor\bin;C:\Users\Maxime\AppData\Roaming\Dashlane\4.9.0.38517\bin\Firefox_Extension\{442718d9-475e-452a-b3e1-fb1ee16b8e9f}\components;C:\Users\Maxime\AppData\Roaming\Dashlane\4.9.0.38517\ucrt;C:\Users\Maxime\AppData\Local\GitHubDesktop\bin;C:\Users\Maxime\AppData\Local\Microsoft\WindowsApps;C:\Users\Maxime\AppData\Roaming\npm;C:\Users\Maxime\.babun;C:\ffmpeg\bin;C:\Users\Maxime\AppData\Roaming\Dashlane\6.5.0.12978\bin\Firefox_Extension\{442718d9-475e-452a-b3e1-fb1ee16b8e9f}\components;C:\Users\Maxime\AppData\Roaming\Dashlane\6.5.0.12978\ucrt;C:\Users\Maxime\AppData\Roaming\Dashlane\6.5.0.12978\bin\Qt;C:\Users\Maxime\AppData\Roaming\Dashlane\6.5.0.12978\ucrt;C:\Users\Maxime\AppData\Roaming\Dashlane\6.5.0.12978\bin\Ssl;C:\Users\Maxime\AppData\Local\Yarn\bin;G:\wamp64\bin\php\php7.2.14;C:\OpenSSL\bin;D:\Users\Maxime\AppData\Roaming\npm;D:\Users\Maxime\AppData\Roaming\Composer\vendor\bin;C:\Program Files (x86)\FAHClient

Yarn version: 
  1.12.3

Node version: 
  12.6.0

Platform: 
  win32 x64

Trace: 
  Error: canceled
      at Interface.<anonymous> (C:\Program Files (x86)\Yarn\lib\cli.js:125278:13)
      at Interface.emit (events.js:203:13)
      at Interface._ttyWrite (readline.js:877:16)
      at ReadStream.onkeypress (readline.js:189:10)
      at ReadStream.emit (events.js:203:13)
      at emitKeys (internal/readline.js:424:14)
      at emitKeys.next (<anonymous>)
      at ReadStream.onData (readline.js:1145:36)
      at ReadStream.emit (events.js:203:13)
      at addChunk (_stream_readable.js:294:12)

npm manifest: 
  {
    "name": "tea",
    "version": "0.1-dev1",
    "productName": "The Epic Adventure",
    "description": "The Epic Adventure, the game",
    "scripts": {
      "build": "tsc",
      "watch": "tsc -w",
      "lint": "tslint -c tslint.json -p tsconfig.json",
      "fix": "tslint -c tslint.json -p tsconfig.json --fix",
      "start": "yarn build && electron ./index.js"
    },
    "author": "Maxime Scharwath",
    "repository": "https://github.com/maxscharwath/TheEpicAdventure.git",
    "devDependencies": {
      "@types/express": "^4.17.6",
      "@types/ip": "^1.1.0",
      "@types/socket.io": "^2.1.4",
      "@types/socket.io-client": "^1.4.32",
      "@types/uniqid": "^4.1.3",
      "@types/yaml": "^1.2.0",
      "electron": "^6.0.8",
      "electron-reload": "^1.5.0",
      "socket.io-client": "^2.3.0",
      "tslint": "^5.19.0",
      "typescript": "^3.6.0"
    },
    "dependencies": {
      "@pixi/filter-adjustment": "^3.1.1",
      "@pixi/filter-color-map": "^3.1.1",
      "@pixi/filter-color-overlay": "^3.1.1",
      "@pixi/filter-reflection": "^3.1.1",
      "express": "^4.17.1",
      "howler": "^2.1.3",
      "ip": "^1.1.5",
      "pixi-tilemap": "^2.0.6",
      "pixi.js": "^5.2.1",
      "socket.io": "^2.3.0",
      "uniqid": "^5.2.0",
      "yaml": "^1.8.3"
    },
    "main": "index.js"
  }

yarn manifest: 
  No manifest

Lockfile: 
  No lockfile
